{
  "RSpec": {
    "coverage": {
      "/home/developer/dise/mede/app/models/user.rb": {
        "lines": [
          1,
          1,
          1,
          null,
          null,
          null,
          1,
          null,
          null,
          null,
          1,
          1,
          null,
          1,
          3,
          null,
          null
        ]
      },
      "/home/developer/dise/mede/app/models/application_record.rb": {
        "lines": [
          1,
          1,
          null
        ]
      },
      "/home/developer/dise/mede/app/helpers/application_helper.rb": {
        "lines": [
          1,
          null
        ]
      },
      "/home/developer/dise/mede/app/helpers/cart_products_helper.rb": {
        "lines": [
          1,
          null
        ]
      },
      "/home/developer/dise/mede/app/helpers/carts_helper.rb": {
        "lines": [
          1,
          null
        ]
      },
      "/home/developer/dise/mede/app/helpers/orders_helper.rb": {
        "lines": [
          1,
          null
        ]
      },
      "/home/developer/dise/mede/app/helpers/products_helper.rb": {
        "lines": [
          1,
          null
        ]
      },
      "/home/developer/dise/mede/app/helpers/users_helper.rb": {
        "lines": [
          1,
          null
        ]
      },
      "/home/developer/dise/mede/app/controllers/api/v1/carts_controller.rb": {
        "lines": [
          1,
          1,
          1,
          1,
          null,
          null,
          1,
          2,
          2,
          1,
          null,
          1,
          null,
          null,
          null,
          1,
          1,
          3,
          1,
          null,
          null,
          null
        ]
      },
      "/home/developer/dise/mede/app/controllers/api_controller.rb": {
        "lines": [
          1,
          null,
          1,
          null,
          15,
          15,
          null,
          15,
          15,
          null,
          0,
          null,
          null,
          1,
          3,
          null,
          null,
          null
        ]
      },
      "/home/developer/dise/mede/app/controllers/application_controller.rb": {
        "lines": [
          1,
          null,
          1,
          null,
          null,
          1,
          null,
          null,
          null,
          null,
          null,
          1,
          null,
          1,
          3,
          2,
          0,
          null,
          2,
          2,
          2,
          null,
          2,
          null,
          null,
          null,
          1,
          1,
          0,
          0,
          null,
          1,
          3,
          null,
          null,
          null
        ]
      },
      "/home/developer/dise/mede/app/services/authentication_service.rb": {
        "lines": [
          1,
          1,
          3,
          3,
          3,
          null,
          null,
          1,
          15,
          null,
          0,
          null,
          null,
          1,
          0,
          null,
          0,
          null,
          null,
          null
        ]
      },
      "/home/developer/dise/mede/app/models/cart.rb": {
        "lines": [
          1,
          1,
          1,
          null,
          1,
          0,
          0,
          0,
          null,
          null
        ]
      },
      "/home/developer/dise/mede/app/models/product.rb": {
        "lines": [
          1,
          1,
          1,
          1,
          1,
          null
        ]
      },
      "/home/developer/dise/mede/app/models/cart_product.rb": {
        "lines": [
          1,
          1,
          1,
          null,
          1,
          0,
          null,
          null,
          null
        ]
      }
    },
    "timestamp": 1700053366
  }
}
